[ 2016-12-22T10:52:49+08:00 ] ::1 /jxyv1/index.php/Home/Index/main/cap/0
INFO: [ app_init ] --START--
INFO: Run Behavior\BuildLiteBehavior [ RunTime:0.000301s ]
INFO: [ app_init ] --END-- [ RunTime:0.002405s ]
INFO: [ app_begin ] --START--
INFO: Run Behavior\ReadHtmlCacheBehavior [ RunTime:0.010539s ]
INFO: [ app_begin ] --END-- [ RunTime:0.012066s ]
SQL: SHOW COLUMNS FROM `wl_hwimages` [ RunTime:0.0085s ]
SQL: SHOW COLUMNS FROM `wl_commts` [ RunTime:0.0031s ]
SQL: SELECT * FROM `wl_commts` ORDER BY id asc  [ RunTime:0.0116s ]
SQL: SHOW COLUMNS FROM `wl_capter` [ RunTime:0.0028s ]
SQL: SELECT `capter_num`,`capter_name` FROM `wl_capter` WHERE `id` IN (1,2,3,4,5,6,7,8,9,10,11) ORDER BY id asc  [ RunTime:0.0029s ]
SQL: SHOW COLUMNS FROM `wl_class` [ RunTime:0.0028s ]
SQL: SELECT `id`,`capter_id`,`class_flag`,`class_name`,`add_flag`,`task_count`,`week_num` FROM `wl_class` WHERE `capter_id` < 32 ORDER BY id asc  [ RunTime:0.0063s ]
SQL: SHOW COLUMNS FROM `wl_knowledge` [ RunTime:0.0051s ]
SQL: SELECT `id`,`capter_id`,`class_num`,`class_name`,`class_flag`,`add_flag`,`task_count`,`week_num` FROM `wl_knowledge` WHERE `capter_id` < 32 ORDER BY id asc  [ RunTime:0.0050s ]
SQL: SHOW COLUMNS FROM `wl_category1` [ RunTime:0.0029s ]
SQL: SELECT `id`,`capter_id`,`newclass_num`,`activityclass_num`,`reviewclass_num`,`examclass_num` FROM `wl_category1` WHERE `id` IN (1,2,3,4,5,6,7,8,9,10,11) ORDER BY id asc  [ RunTime:0.0068s ]
SQL: SHOW COLUMNS FROM `wl_addclass` [ RunTime:0.0053s ]
SQL: SELECT `capter_id`,`class_name` FROM `wl_addclass` WHERE `capter_id` < 32 ORDER BY id asc  [ RunTime:0.0058s ]
SQL: SHOW COLUMNS FROM `wl_students` [ RunTime:0.0071s ]
SQL: SELECT * FROM `wl_students` WHERE `classnum` = 1 ORDER BY studentid asc  [ RunTime:0.0023s ]
SQL: SELECT * FROM `wl_students` WHERE `classnum` = 2 ORDER BY studentid asc  [ RunTime:0.0027s ]
INFO: [ view_parse ] --START--
INFO: [ template_filter ] --START--
INFO: Run Behavior\ContentReplaceBehavior [ RunTime:0.012561s ]
INFO: [ template_filter ] --END-- [ RunTime:0.013749s ]
NOTIC: [8] Undefined index: capterId C:\codefile\xampp\htdocs\jxyv1\Application\Runtime\Cache\Home\4462707c48390994935bf3e366c221aa.php 第 212 行.
NOTIC: [8] Undefined index: classNum C:\codefile\xampp\htdocs\jxyv1\Application\Runtime\Cache\Home\4462707c48390994935bf3e366c221aa.php 第 212 行.
NOTIC: [8] Undefined index: addShow C:\codefile\xampp\htdocs\jxyv1\Application\Runtime\Cache\Home\4462707c48390994935bf3e366c221aa.php 第 212 行.
NOTIC: [8] Undefined index: addShow1 C:\codefile\xampp\htdocs\jxyv1\Application\Runtime\Cache\Home\4462707c48390994935bf3e366c221aa.php 第 212 行.
NOTIC: [8] Undefined index: classConWidth C:\codefile\xampp\htdocs\jxyv1\Application\Runtime\Cache\Home\4462707c48390994935bf3e366c221aa.php 第 212 行.
NOTIC: [8] Undefined index: id C:\codefile\xampp\htdocs\jxyv1\Application\Runtime\Cache\Home\4462707c48390994935bf3e366c221aa.php 第 609 行.
NOTIC: [8] Undefined index: id C:\codefile\xampp\htdocs\jxyv1\Application\Runtime\Cache\Home\4462707c48390994935bf3e366c221aa.php 第 609 行.
NOTIC: [8] Undefined index: id C:\codefile\xampp\htdocs\jxyv1\Application\Runtime\Cache\Home\4462707c48390994935bf3e366c221aa.php 第 609 行.
NOTIC: [8] Undefined index: id C:\codefile\xampp\htdocs\jxyv1\Application\Runtime\Cache\Home\4462707c48390994935bf3e366c221aa.php 第 609 行.
NOTIC: [8] Undefined index: id C:\codefile\xampp\htdocs\jxyv1\Application\Runtime\Cache\Home\4462707c48390994935bf3e366c221aa.php 第 609 行.
NOTIC: [8] Undefined index: id C:\codefile\xampp\htdocs\jxyv1\Application\Runtime\Cache\Home\4462707c48390994935bf3e366c221aa.php 第 609 行.
NOTIC: [8] Undefined index: id C:\codefile\xampp\htdocs\jxyv1\Application\Runtime\Cache\Home\4462707c48390994935bf3e366c221aa.php 第 609 行.
NOTIC: [8] Undefined index: id C:\codefile\xampp\htdocs\jxyv1\Application\Runtime\Cache\Home\4462707c48390994935bf3e366c221aa.php 第 609 行.
NOTIC: [8] Undefined index: id C:\codefile\xampp\htdocs\jxyv1\Application\Runtime\Cache\Home\4462707c48390994935bf3e366c221aa.php 第 609 行.
NOTIC: [8] Undefined index: id C:\codefile\xampp\htdocs\jxyv1\Application\Runtime\Cache\Home\4462707c48390994935bf3e366c221aa.php 第 609 行.
NOTIC: [8] Undefined index: id C:\codefile\xampp\htdocs\jxyv1\Application\Runtime\Cache\Home\4462707c48390994935bf3e366c221aa.php 第 609 行.
INFO: Run Behavior\ParseTemplateBehavior [ RunTime:0.677812s ]
INFO: [ view_parse ] --END-- [ RunTime:0.678676s ]
INFO: [ view_filter ] --START--
INFO: Run Behavior\WriteHtmlCacheBehavior [ RunTime:0.057715s ]
INFO: [ view_filter ] --END-- [ RunTime:0.058582s ]
INFO: [ app_end ] --START--
INFO: Run Behavior\ShowPageTraceBehavior [ RunTime:0.027497s ]
INFO: [ app_end ] --END-- [ RunTime:0.032199s ]

[ 2016-12-22T10:53:43+08:00 ] ::1 /jxyv1/index.php/Home/Index/main/cap/0
INFO: [ app_init ] --START--
INFO: Run Behavior\BuildLiteBehavior [ RunTime:0.000293s ]
INFO: [ app_init ] --END-- [ RunTime:0.001990s ]
INFO: [ app_begin ] --START--
INFO: Run Behavior\ReadHtmlCacheBehavior [ RunTime:0.002024s ]
INFO: [ app_begin ] --END-- [ RunTime:0.003494s ]
SQL: SHOW COLUMNS FROM `wl_hwimages` [ RunTime:0.0048s ]
SQL: SHOW COLUMNS FROM `wl_commts` [ RunTime:0.0030s ]
SQL: SELECT * FROM `wl_commts` ORDER BY id asc  [ RunTime:0.0098s ]
SQL: SHOW COLUMNS FROM `wl_capter` [ RunTime:0.0046s ]
SQL: SELECT `capter_num`,`capter_name` FROM `wl_capter` WHERE `id` IN (1,2,3,4,5,6,7,8,9,10,11) ORDER BY id asc  [ RunTime:0.0111s ]
SQL: SHOW COLUMNS FROM `wl_class` [ RunTime:0.0029s ]
SQL: SELECT `id`,`capter_id`,`class_flag`,`class_name`,`add_flag`,`task_count`,`week_num` FROM `wl_class` WHERE `capter_id` < 32 ORDER BY id asc  [ RunTime:0.0186s ]
SQL: SHOW COLUMNS FROM `wl_knowledge` [ RunTime:0.0189s ]
SQL: SELECT `id`,`capter_id`,`class_num`,`class_name`,`class_flag`,`add_flag`,`task_count`,`week_num` FROM `wl_knowledge` WHERE `capter_id` < 32 ORDER BY id asc  [ RunTime:0.0050s ]
SQL: SHOW COLUMNS FROM `wl_category1` [ RunTime:0.0082s ]
SQL: SELECT `id`,`capter_id`,`newclass_num`,`activityclass_num`,`reviewclass_num`,`examclass_num` FROM `wl_category1` WHERE `id` IN (1,2,3,4,5,6,7,8,9,10,11) ORDER BY id asc  [ RunTime:0.0113s ]
SQL: SHOW COLUMNS FROM `wl_addclass` [ RunTime:0.0188s ]
SQL: SELECT `capter_id`,`class_name` FROM `wl_addclass` WHERE `capter_id` < 32 ORDER BY id asc  [ RunTime:0.0075s ]
SQL: SHOW COLUMNS FROM `wl_students` [ RunTime:0.0073s ]
SQL: SELECT * FROM `wl_students` WHERE `classnum` = 1 ORDER BY studentid asc  [ RunTime:0.0052s ]
SQL: SELECT * FROM `wl_students` WHERE `classnum` = 2 ORDER BY studentid asc  [ RunTime:0.0031s ]
INFO: [ view_parse ] --START--
INFO: [ template_filter ] --START--
INFO: Run Behavior\ContentReplaceBehavior [ RunTime:0.000953s ]
INFO: [ template_filter ] --END-- [ RunTime:0.001736s ]
NOTIC: [8] Undefined index: capterId C:\codefile\xampp\htdocs\jxyv1\Application\Runtime\Cache\Home\4462707c48390994935bf3e366c221aa.php 第 212 行.
NOTIC: [8] Undefined index: classNum C:\codefile\xampp\htdocs\jxyv1\Application\Runtime\Cache\Home\4462707c48390994935bf3e366c221aa.php 第 212 行.
NOTIC: [8] Undefined index: addShow C:\codefile\xampp\htdocs\jxyv1\Application\Runtime\Cache\Home\4462707c48390994935bf3e366c221aa.php 第 212 行.
NOTIC: [8] Undefined index: addShow1 C:\codefile\xampp\htdocs\jxyv1\Application\Runtime\Cache\Home\4462707c48390994935bf3e366c221aa.php 第 212 行.
NOTIC: [8] Undefined index: classConWidth C:\codefile\xampp\htdocs\jxyv1\Application\Runtime\Cache\Home\4462707c48390994935bf3e366c221aa.php 第 212 行.
NOTIC: [8] Undefined index: id C:\codefile\xampp\htdocs\jxyv1\Application\Runtime\Cache\Home\4462707c48390994935bf3e366c221aa.php 第 609 行.
NOTIC: [8] Undefined index: id C:\codefile\xampp\htdocs\jxyv1\Application\Runtime\Cache\Home\4462707c48390994935bf3e366c221aa.php 第 609 行.
NOTIC: [8] Undefined index: id C:\codefile\xampp\htdocs\jxyv1\Application\Runtime\Cache\Home\4462707c48390994935bf3e366c221aa.php 第 609 行.
NOTIC: [8] Undefined index: id C:\codefile\xampp\htdocs\jxyv1\Application\Runtime\Cache\Home\4462707c48390994935bf3e366c221aa.php 第 609 行.
NOTIC: [8] Undefined index: id C:\codefile\xampp\htdocs\jxyv1\Application\Runtime\Cache\Home\4462707c48390994935bf3e366c221aa.php 第 609 行.
NOTIC: [8] Undefined index: id C:\codefile\xampp\htdocs\jxyv1\Application\Runtime\Cache\Home\4462707c48390994935bf3e366c221aa.php 第 609 行.
NOTIC: [8] Undefined index: id C:\codefile\xampp\htdocs\jxyv1\Application\Runtime\Cache\Home\4462707c48390994935bf3e366c221aa.php 第 609 行.
NOTIC: [8] Undefined index: id C:\codefile\xampp\htdocs\jxyv1\Application\Runtime\Cache\Home\4462707c48390994935bf3e366c221aa.php 第 609 行.
NOTIC: [8] Undefined index: id C:\codefile\xampp\htdocs\jxyv1\Application\Runtime\Cache\Home\4462707c48390994935bf3e366c221aa.php 第 609 行.
NOTIC: [8] Undefined index: id C:\codefile\xampp\htdocs\jxyv1\Application\Runtime\Cache\Home\4462707c48390994935bf3e366c221aa.php 第 609 行.
NOTIC: [8] Undefined index: id C:\codefile\xampp\htdocs\jxyv1\Application\Runtime\Cache\Home\4462707c48390994935bf3e366c221aa.php 第 609 行.
INFO: Run Behavior\ParseTemplateBehavior [ RunTime:0.834125s ]
INFO: [ view_parse ] --END-- [ RunTime:0.836505s ]
INFO: [ view_filter ] --START--
INFO: Run Behavior\WriteHtmlCacheBehavior [ RunTime:0.001658s ]
INFO: [ view_filter ] --END-- [ RunTime:0.003455s ]
INFO: [ app_end ] --START--
INFO: Run Behavior\ShowPageTraceBehavior [ RunTime:0.004002s ]
INFO: [ app_end ] --END-- [ RunTime:0.005337s ]

