[ 2016-11-27T09:52:32+08:00 ] ::1 /jxy/index.php/Home/Index/main/cap/0
INFO: [ app_init ] --START--
INFO: Run Behavior\BuildLiteBehavior [ RunTime:0.000014s ]
INFO: [ app_init ] --END-- [ RunTime:0.013732s ]
INFO: [ app_begin ] --START--
INFO: Run Behavior\ReadHtmlCacheBehavior [ RunTime:0.008975s ]
INFO: [ app_begin ] --END-- [ RunTime:0.009044s ]
SQL: SHOW COLUMNS FROM `wl_commts` [ RunTime:0.0529s ]
SQL: SELECT * FROM `wl_commts` ORDER BY id asc  [ RunTime:0.0102s ]
SQL: SHOW COLUMNS FROM `wl_capter` [ RunTime:0.0182s ]
SQL: SELECT `capter_num`,`capter_name` FROM `wl_capter` WHERE `id` IN (1,2,3,4,5,6,7,8,9,10,11) ORDER BY id asc  [ RunTime:0.0226s ]
SQL: SHOW COLUMNS FROM `wl_class` [ RunTime:0.0190s ]
SQL: SELECT `id`,`capter_id`,`class_flag`,`class_name`,`add_flag`,`task_count`,`week_num` FROM `wl_class` WHERE `capter_id` < 32 ORDER BY id asc  [ RunTime:0.0137s ]
SQL: SHOW COLUMNS FROM `wl_knowledge` [ RunTime:0.0112s ]
SQL: SELECT `id`,`capter_id`,`class_num`,`class_name`,`class_flag`,`add_flag`,`task_count`,`week_num` FROM `wl_knowledge` WHERE `capter_id` < 32 ORDER BY id asc  [ RunTime:0.0042s ]
SQL: SHOW COLUMNS FROM `wl_category1` [ RunTime:0.0169s ]
SQL: SELECT `id`,`capter_id`,`newclass_num`,`activityclass_num`,`reviewclass_num`,`examclass_num` FROM `wl_category1` WHERE `id` IN (1,2,3,4,5,6,7,8,9,10,11) ORDER BY id asc  [ RunTime:0.0021s ]
SQL: SHOW COLUMNS FROM `wl_addclass` [ RunTime:0.0202s ]
SQL: SELECT `capter_id`,`class_name` FROM `wl_addclass` WHERE `capter_id` < 32 ORDER BY id asc  [ RunTime:0.0060s ]
INFO: [ view_parse ] --START--
INFO: [ template_filter ] --START--
INFO: Run Behavior\ContentReplaceBehavior [ RunTime:0.001010s ]
INFO: [ template_filter ] --END-- [ RunTime:0.001089s ]
NOTIC: [8] Undefined index: capterId C:\xampp\htdocs\jxy\Application\Runtime\Cache\Home\4462707c48390994935bf3e366c221aa.php 第 74 行.
NOTIC: [8] Undefined index: classNum C:\xampp\htdocs\jxy\Application\Runtime\Cache\Home\4462707c48390994935bf3e366c221aa.php 第 74 行.
NOTIC: [8] Undefined index: addShow C:\xampp\htdocs\jxy\Application\Runtime\Cache\Home\4462707c48390994935bf3e366c221aa.php 第 74 行.
NOTIC: [8] Undefined index: addShow1 C:\xampp\htdocs\jxy\Application\Runtime\Cache\Home\4462707c48390994935bf3e366c221aa.php 第 74 行.
NOTIC: [8] Undefined index: classConWidth C:\xampp\htdocs\jxy\Application\Runtime\Cache\Home\4462707c48390994935bf3e366c221aa.php 第 74 行.
NOTIC: [8] Use of undefined constant 章 - assumed '章' C:\xampp\htdocs\jxy\Application\Runtime\Cache\Home\4462707c48390994935bf3e366c221aa.php 第 230 行.
NOTIC: [8] Undefined variable: j C:\xampp\htdocs\jxy\Application\Runtime\Cache\Home\4462707c48390994935bf3e366c221aa.php 第 238 行.
NOTIC: [8] Undefined index:  C:\xampp\htdocs\jxy\Application\Runtime\Cache\Home\4462707c48390994935bf3e366c221aa.php 第 238 行.
NOTIC: [8] Undefined variable: j C:\xampp\htdocs\jxy\Application\Runtime\Cache\Home\4462707c48390994935bf3e366c221aa.php 第 238 行.
NOTIC: [8] Undefined index:  C:\xampp\htdocs\jxy\Application\Runtime\Cache\Home\4462707c48390994935bf3e366c221aa.php 第 238 行.
NOTIC: [8] Undefined variable: j C:\xampp\htdocs\jxy\Application\Runtime\Cache\Home\4462707c48390994935bf3e366c221aa.php 第 238 行.
NOTIC: [8] Undefined index:  C:\xampp\htdocs\jxy\Application\Runtime\Cache\Home\4462707c48390994935bf3e366c221aa.php 第 238 行.
NOTIC: [8] Undefined offset: 360 C:\xampp\htdocs\jxy\Application\Runtime\Cache\Home\4462707c48390994935bf3e366c221aa.php 第 286 行.
NOTIC: [8] Undefined offset: 360 C:\xampp\htdocs\jxy\Application\Runtime\Cache\Home\4462707c48390994935bf3e366c221aa.php 第 286 行.
NOTIC: [8] Undefined offset: 360 C:\xampp\htdocs\jxy\Application\Runtime\Cache\Home\4462707c48390994935bf3e366c221aa.php 第 286 行.
NOTIC: [8] Use of undefined constant 章 - assumed '章' C:\xampp\htdocs\jxy\Application\Runtime\Cache\Home\4462707c48390994935bf3e366c221aa.php 第 230 行.
NOTIC: [8] Undefined offset: 360 C:\xampp\htdocs\jxy\Application\Runtime\Cache\Home\4462707c48390994935bf3e366c221aa.php 第 286 行.
NOTIC: [8] Undefined offset: 360 C:\xampp\htdocs\jxy\Application\Runtime\Cache\Home\4462707c48390994935bf3e366c221aa.php 第 286 行.
NOTIC: [8] Undefined offset: 360 C:\xampp\htdocs\jxy\Application\Runtime\Cache\Home\4462707c48390994935bf3e366c221aa.php 第 286 行.
NOTIC: [8] Undefined offset: 360 C:\xampp\htdocs\jxy\Application\Runtime\Cache\Home\4462707c48390994935bf3e366c221aa.php 第 286 行.
NOTIC: [8] Undefined offset: 360 C:\xampp\htdocs\jxy\Application\Runtime\Cache\Home\4462707c48390994935bf3e366c221aa.php 第 286 行.
NOTIC: [8] Undefined offset: 360 C:\xampp\htdocs\jxy\Application\Runtime\Cache\Home\4462707c48390994935bf3e366c221aa.php 第 286 行.
NOTIC: [8] Use of undefined constant 章 - assumed '章' C:\xampp\htdocs\jxy\Application\Runtime\Cache\Home\4462707c48390994935bf3e366c221aa.php 第 230 行.
NOTIC: [8] Undefined offset: 360 C:\xampp\htdocs\jxy\Application\Runtime\Cache\Home\4462707c48390994935bf3e366c221aa.php 第 286 行.
NOTIC: [8] Undefined offset: 360 C:\xampp\htdocs\jxy\Application\Runtime\Cache\Home\4462707c48390994935bf3e366c221aa.php 第 286 行.
NOTIC: [8] Undefined offset: 360 C:\xampp\htdocs\jxy\Application\Runtime\Cache\Home\4462707c48390994935bf3e366c221aa.php 第 286 行.
NOTIC: [8] Use of undefined constant 章 - assumed '章' C:\xampp\htdocs\jxy\Application\Runtime\Cache\Home\4462707c48390994935bf3e366c221aa.php 第 230 行.
NOTIC: [8] Undefined offset: 360 C:\xampp\htdocs\jxy\Application\Runtime\Cache\Home\4462707c48390994935bf3e366c221aa.php 第 286 行.
NOTIC: [8] Undefined offset: 360 C:\xampp\htdocs\jxy\Application\Runtime\Cache\Home\4462707c48390994935bf3e366c221aa.php 第 286 行.
NOTIC: [8] Undefined offset: 360 C:\xampp\htdocs\jxy\Application\Runtime\Cache\Home\4462707c48390994935bf3e366c221aa.php 第 286 行.
NOTIC: [8] Use of undefined constant 章 - assumed '章' C:\xampp\htdocs\jxy\Application\Runtime\Cache\Home\4462707c48390994935bf3e366c221aa.php 第 230 行.
NOTIC: [8] Undefined offset: 360 C:\xampp\htdocs\jxy\Application\Runtime\Cache\Home\4462707c48390994935bf3e366c221aa.php 第 286 行.
NOTIC: [8] Undefined offset: 360 C:\xampp\htdocs\jxy\Application\Runtime\Cache\Home\4462707c48390994935bf3e366c221aa.php 第 286 行.
NOTIC: [8] Undefined offset: 360 C:\xampp\htdocs\jxy\Application\Runtime\Cache\Home\4462707c48390994935bf3e366c221aa.php 第 286 行.
NOTIC: [8] Undefined offset: 360 C:\xampp\htdocs\jxy\Application\Runtime\Cache\Home\4462707c48390994935bf3e366c221aa.php 第 286 行.
NOTIC: [8] Undefined offset: 360 C:\xampp\htdocs\jxy\Application\Runtime\Cache\Home\4462707c48390994935bf3e366c221aa.php 第 286 行.
NOTIC: [8] Undefined offset: 360 C:\xampp\htdocs\jxy\Application\Runtime\Cache\Home\4462707c48390994935bf3e366c221aa.php 第 286 行.
NOTIC: [8] Use of undefined constant 章 - assumed '章' C:\xampp\htdocs\jxy\Application\Runtime\Cache\Home\4462707c48390994935bf3e366c221aa.php 第 230 行.
NOTIC: [8] Undefined offset: 360 C:\xampp\htdocs\jxy\Application\Runtime\Cache\Home\4462707c48390994935bf3e366c221aa.php 第 286 行.
NOTIC: [8] Undefined offset: 360 C:\xampp\htdocs\jxy\Application\Runtime\Cache\Home\4462707c48390994935bf3e366c221aa.php 第 286 行.
NOTIC: [8] Undefined offset: 360 C:\xampp\htdocs\jxy\Application\Runtime\Cache\Home\4462707c48390994935bf3e366c221aa.php 第 286 行.
NOTIC: [8] Use of undefined constant 章 - assumed '章' C:\xampp\htdocs\jxy\Application\Runtime\Cache\Home\4462707c48390994935bf3e366c221aa.php 第 230 行.
NOTIC: [8] Undefined offset: 360 C:\xampp\htdocs\jxy\Application\Runtime\Cache\Home\4462707c48390994935bf3e366c221aa.php 第 286 行.
NOTIC: [8] Undefined offset: 360 C:\xampp\htdocs\jxy\Application\Runtime\Cache\Home\4462707c48390994935bf3e366c221aa.php 第 286 行.
NOTIC: [8] Undefined offset: 360 C:\xampp\htdocs\jxy\Application\Runtime\Cache\Home\4462707c48390994935bf3e366c221aa.php 第 286 行.
NOTIC: [8] Use of undefined constant 章 - assumed '章' C:\xampp\htdocs\jxy\Application\Runtime\Cache\Home\4462707c48390994935bf3e366c221aa.php 第 230 行.
NOTIC: [8] Undefined offset: 360 C:\xampp\htdocs\jxy\Application\Runtime\Cache\Home\4462707c48390994935bf3e366c221aa.php 第 286 行.
NOTIC: [8] Undefined offset: 360 C:\xampp\htdocs\jxy\Application\Runtime\Cache\Home\4462707c48390994935bf3e366c221aa.php 第 286 行.
NOTIC: [8] Undefined offset: 360 C:\xampp\htdocs\jxy\Application\Runtime\Cache\Home\4462707c48390994935bf3e366c221aa.php 第 286 行.
NOTIC: [8] Undefined offset: 360 C:\xampp\htdocs\jxy\Application\Runtime\Cache\Home\4462707c48390994935bf3e366c221aa.php 第 286 行.
NOTIC: [8] Undefined offset: 360 C:\xampp\htdocs\jxy\Application\Runtime\Cache\Home\4462707c48390994935bf3e366c221aa.php 第 286 行.
NOTIC: [8] Undefined offset: 360 C:\xampp\htdocs\jxy\Application\Runtime\Cache\Home\4462707c48390994935bf3e366c221aa.php 第 286 行.
INFO: Run Behavior\ParseTemplateBehavior [ RunTime:0.156795s ]
INFO: [ view_parse ] --END-- [ RunTime:0.156865s ]
INFO: [ view_filter ] --START--
INFO: Run Behavior\WriteHtmlCacheBehavior [ RunTime:0.015666s ]
INFO: [ view_filter ] --END-- [ RunTime:0.015781s ]
INFO: [ app_end ] --START--
INFO: Run Behavior\ShowPageTraceBehavior [ RunTime:0.011450s ]
INFO: [ app_end ] --END-- [ RunTime:0.011675s ]

[ 2016-11-27T09:59:34+08:00 ] ::1 /jxy/index.php/Home/Index/main/cap/0
INFO: [ app_init ] --START--
INFO: Run Behavior\BuildLiteBehavior [ RunTime:0.000010s ]
INFO: [ app_init ] --END-- [ RunTime:0.000059s ]
INFO: [ app_begin ] --START--
INFO: Run Behavior\ReadHtmlCacheBehavior [ RunTime:0.000433s ]
INFO: [ app_begin ] --END-- [ RunTime:0.000476s ]
SQL: SHOW COLUMNS FROM `wl_commts` [ RunTime:0.0030s ]
SQL: SELECT * FROM `wl_commts` ORDER BY id asc  [ RunTime:0.0011s ]
SQL: SHOW COLUMNS FROM `wl_capter` [ RunTime:0.0018s ]
SQL: SELECT `capter_num`,`capter_name` FROM `wl_capter` WHERE `id` IN (1,2,3,4,5,6,7,8,9,10,11) ORDER BY id asc  [ RunTime:0.0002s ]
SQL: SHOW COLUMNS FROM `wl_class` [ RunTime:0.0017s ]
SQL: SELECT `id`,`capter_id`,`class_flag`,`class_name`,`add_flag`,`task_count`,`week_num` FROM `wl_class` WHERE `capter_id` < 32 ORDER BY id asc  [ RunTime:0.0012s ]
SQL: SHOW COLUMNS FROM `wl_knowledge` [ RunTime:0.0025s ]
SQL: SELECT `id`,`capter_id`,`class_num`,`class_name`,`class_flag`,`add_flag`,`task_count`,`week_num` FROM `wl_knowledge` WHERE `capter_id` < 32 ORDER BY id asc  [ RunTime:0.0009s ]
SQL: SHOW COLUMNS FROM `wl_category1` [ RunTime:0.0023s ]
SQL: SELECT `id`,`capter_id`,`newclass_num`,`activityclass_num`,`reviewclass_num`,`examclass_num` FROM `wl_category1` WHERE `id` IN (1,2,3,4,5,6,7,8,9,10,11) ORDER BY id asc  [ RunTime:0.0003s ]
SQL: SHOW COLUMNS FROM `wl_addclass` [ RunTime:0.0021s ]
SQL: SELECT `capter_id`,`class_name` FROM `wl_addclass` WHERE `capter_id` < 32 ORDER BY id asc  [ RunTime:0.0005s ]
INFO: [ view_parse ] --START--
INFO: [ template_filter ] --START--
INFO: Run Behavior\ContentReplaceBehavior [ RunTime:0.000287s ]
INFO: [ template_filter ] --END-- [ RunTime:0.000318s ]
NOTIC: [8] Undefined index: capterId C:\xampp\htdocs\jxy\Application\Runtime\Cache\Home\4462707c48390994935bf3e366c221aa.php 第 74 行.
NOTIC: [8] Undefined index: classNum C:\xampp\htdocs\jxy\Application\Runtime\Cache\Home\4462707c48390994935bf3e366c221aa.php 第 74 行.
NOTIC: [8] Undefined index: addShow C:\xampp\htdocs\jxy\Application\Runtime\Cache\Home\4462707c48390994935bf3e366c221aa.php 第 74 行.
NOTIC: [8] Undefined index: addShow1 C:\xampp\htdocs\jxy\Application\Runtime\Cache\Home\4462707c48390994935bf3e366c221aa.php 第 74 行.
NOTIC: [8] Undefined index: classConWidth C:\xampp\htdocs\jxy\Application\Runtime\Cache\Home\4462707c48390994935bf3e366c221aa.php 第 74 行.
NOTIC: [8] Use of undefined constant 章 - assumed '章' C:\xampp\htdocs\jxy\Application\Runtime\Cache\Home\4462707c48390994935bf3e366c221aa.php 第 230 行.
NOTIC: [8] Undefined variable: j C:\xampp\htdocs\jxy\Application\Runtime\Cache\Home\4462707c48390994935bf3e366c221aa.php 第 238 行.
NOTIC: [8] Undefined index:  C:\xampp\htdocs\jxy\Application\Runtime\Cache\Home\4462707c48390994935bf3e366c221aa.php 第 238 行.
NOTIC: [8] Undefined variable: j C:\xampp\htdocs\jxy\Application\Runtime\Cache\Home\4462707c48390994935bf3e366c221aa.php 第 238 行.
NOTIC: [8] Undefined index:  C:\xampp\htdocs\jxy\Application\Runtime\Cache\Home\4462707c48390994935bf3e366c221aa.php 第 238 行.
NOTIC: [8] Undefined variable: j C:\xampp\htdocs\jxy\Application\Runtime\Cache\Home\4462707c48390994935bf3e366c221aa.php 第 238 行.
NOTIC: [8] Undefined index:  C:\xampp\htdocs\jxy\Application\Runtime\Cache\Home\4462707c48390994935bf3e366c221aa.php 第 238 行.
NOTIC: [8] Undefined offset: 360 C:\xampp\htdocs\jxy\Application\Runtime\Cache\Home\4462707c48390994935bf3e366c221aa.php 第 286 行.
NOTIC: [8] Undefined offset: 360 C:\xampp\htdocs\jxy\Application\Runtime\Cache\Home\4462707c48390994935bf3e366c221aa.php 第 286 行.
NOTIC: [8] Undefined offset: 360 C:\xampp\htdocs\jxy\Application\Runtime\Cache\Home\4462707c48390994935bf3e366c221aa.php 第 286 行.
NOTIC: [8] Use of undefined constant 章 - assumed '章' C:\xampp\htdocs\jxy\Application\Runtime\Cache\Home\4462707c48390994935bf3e366c221aa.php 第 230 行.
NOTIC: [8] Undefined offset: 360 C:\xampp\htdocs\jxy\Application\Runtime\Cache\Home\4462707c48390994935bf3e366c221aa.php 第 286 行.
NOTIC: [8] Undefined offset: 360 C:\xampp\htdocs\jxy\Application\Runtime\Cache\Home\4462707c48390994935bf3e366c221aa.php 第 286 行.
NOTIC: [8] Undefined offset: 360 C:\xampp\htdocs\jxy\Application\Runtime\Cache\Home\4462707c48390994935bf3e366c221aa.php 第 286 行.
NOTIC: [8] Undefined offset: 360 C:\xampp\htdocs\jxy\Application\Runtime\Cache\Home\4462707c48390994935bf3e366c221aa.php 第 286 行.
NOTIC: [8] Undefined offset: 360 C:\xampp\htdocs\jxy\Application\Runtime\Cache\Home\4462707c48390994935bf3e366c221aa.php 第 286 行.
NOTIC: [8] Undefined offset: 360 C:\xampp\htdocs\jxy\Application\Runtime\Cache\Home\4462707c48390994935bf3e366c221aa.php 第 286 行.
NOTIC: [8] Use of undefined constant 章 - assumed '章' C:\xampp\htdocs\jxy\Application\Runtime\Cache\Home\4462707c48390994935bf3e366c221aa.php 第 230 行.
NOTIC: [8] Undefined offset: 360 C:\xampp\htdocs\jxy\Application\Runtime\Cache\Home\4462707c48390994935bf3e366c221aa.php 第 286 行.
NOTIC: [8] Undefined offset: 360 C:\xampp\htdocs\jxy\Application\Runtime\Cache\Home\4462707c48390994935bf3e366c221aa.php 第 286 行.
NOTIC: [8] Undefined offset: 360 C:\xampp\htdocs\jxy\Application\Runtime\Cache\Home\4462707c48390994935bf3e366c221aa.php 第 286 行.
NOTIC: [8] Use of undefined constant 章 - assumed '章' C:\xampp\htdocs\jxy\Application\Runtime\Cache\Home\4462707c48390994935bf3e366c221aa.php 第 230 行.
NOTIC: [8] Undefined offset: 360 C:\xampp\htdocs\jxy\Application\Runtime\Cache\Home\4462707c48390994935bf3e366c221aa.php 第 286 行.
NOTIC: [8] Undefined offset: 360 C:\xampp\htdocs\jxy\Application\Runtime\Cache\Home\4462707c48390994935bf3e366c221aa.php 第 286 行.
NOTIC: [8] Undefined offset: 360 C:\xampp\htdocs\jxy\Application\Runtime\Cache\Home\4462707c48390994935bf3e366c221aa.php 第 286 行.
NOTIC: [8] Use of undefined constant 章 - assumed '章' C:\xampp\htdocs\jxy\Application\Runtime\Cache\Home\4462707c48390994935bf3e366c221aa.php 第 230 行.
NOTIC: [8] Undefined offset: 360 C:\xampp\htdocs\jxy\Application\Runtime\Cache\Home\4462707c48390994935bf3e366c221aa.php 第 286 行.
NOTIC: [8] Undefined offset: 360 C:\xampp\htdocs\jxy\Application\Runtime\Cache\Home\4462707c48390994935bf3e366c221aa.php 第 286 行.
NOTIC: [8] Undefined offset: 360 C:\xampp\htdocs\jxy\Application\Runtime\Cache\Home\4462707c48390994935bf3e366c221aa.php 第 286 行.
NOTIC: [8] Undefined offset: 360 C:\xampp\htdocs\jxy\Application\Runtime\Cache\Home\4462707c48390994935bf3e366c221aa.php 第 286 行.
NOTIC: [8] Undefined offset: 360 C:\xampp\htdocs\jxy\Application\Runtime\Cache\Home\4462707c48390994935bf3e366c221aa.php 第 286 行.
NOTIC: [8] Undefined offset: 360 C:\xampp\htdocs\jxy\Application\Runtime\Cache\Home\4462707c48390994935bf3e366c221aa.php 第 286 行.
NOTIC: [8] Use of undefined constant 章 - assumed '章' C:\xampp\htdocs\jxy\Application\Runtime\Cache\Home\4462707c48390994935bf3e366c221aa.php 第 230 行.
NOTIC: [8] Undefined offset: 360 C:\xampp\htdocs\jxy\Application\Runtime\Cache\Home\4462707c48390994935bf3e366c221aa.php 第 286 行.
NOTIC: [8] Undefined offset: 360 C:\xampp\htdocs\jxy\Application\Runtime\Cache\Home\4462707c48390994935bf3e366c221aa.php 第 286 行.
NOTIC: [8] Undefined offset: 360 C:\xampp\htdocs\jxy\Application\Runtime\Cache\Home\4462707c48390994935bf3e366c221aa.php 第 286 行.
NOTIC: [8] Use of undefined constant 章 - assumed '章' C:\xampp\htdocs\jxy\Application\Runtime\Cache\Home\4462707c48390994935bf3e366c221aa.php 第 230 行.
NOTIC: [8] Undefined offset: 360 C:\xampp\htdocs\jxy\Application\Runtime\Cache\Home\4462707c48390994935bf3e366c221aa.php 第 286 行.
NOTIC: [8] Undefined offset: 360 C:\xampp\htdocs\jxy\Application\Runtime\Cache\Home\4462707c48390994935bf3e366c221aa.php 第 286 行.
NOTIC: [8] Undefined offset: 360 C:\xampp\htdocs\jxy\Application\Runtime\Cache\Home\4462707c48390994935bf3e366c221aa.php 第 286 行.
NOTIC: [8] Use of undefined constant 章 - assumed '章' C:\xampp\htdocs\jxy\Application\Runtime\Cache\Home\4462707c48390994935bf3e366c221aa.php 第 230 行.
NOTIC: [8] Undefined offset: 360 C:\xampp\htdocs\jxy\Application\Runtime\Cache\Home\4462707c48390994935bf3e366c221aa.php 第 286 行.
NOTIC: [8] Undefined offset: 360 C:\xampp\htdocs\jxy\Application\Runtime\Cache\Home\4462707c48390994935bf3e366c221aa.php 第 286 行.
NOTIC: [8] Undefined offset: 360 C:\xampp\htdocs\jxy\Application\Runtime\Cache\Home\4462707c48390994935bf3e366c221aa.php 第 286 行.
NOTIC: [8] Undefined offset: 360 C:\xampp\htdocs\jxy\Application\Runtime\Cache\Home\4462707c48390994935bf3e366c221aa.php 第 286 行.
NOTIC: [8] Undefined offset: 360 C:\xampp\htdocs\jxy\Application\Runtime\Cache\Home\4462707c48390994935bf3e366c221aa.php 第 286 行.
NOTIC: [8] Undefined offset: 360 C:\xampp\htdocs\jxy\Application\Runtime\Cache\Home\4462707c48390994935bf3e366c221aa.php 第 286 行.
INFO: Run Behavior\ParseTemplateBehavior [ RunTime:0.023009s ]
INFO: [ view_parse ] --END-- [ RunTime:0.023055s ]
INFO: [ view_filter ] --START--
INFO: Run Behavior\WriteHtmlCacheBehavior [ RunTime:0.000350s ]
INFO: [ view_filter ] --END-- [ RunTime:0.000395s ]
INFO: [ app_end ] --START--
INFO: Run Behavior\ShowPageTraceBehavior [ RunTime:0.000496s ]
INFO: [ app_end ] --END-- [ RunTime:0.000537s ]

