[ 2016-11-24T16:46:19+08:00 ] ::1 /jxy/index.php/Home/Index/main/cap/0
INFO: [ app_init ] --START--
INFO: Run Behavior\BuildLiteBehavior [ RunTime:0.000008s ]
INFO: [ app_init ] --END-- [ RunTime:0.000042s ]
INFO: [ app_begin ] --START--
INFO: Run Behavior\ReadHtmlCacheBehavior [ RunTime:0.000390s ]
INFO: [ app_begin ] --END-- [ RunTime:0.000426s ]
ERR: SQLSTATE[HY000] [1045] Access denied for user 'root'@'localhost' (using password: YES)

[ 2016-11-24T16:46:46+08:00 ] ::1 /jxy/index.php/Home/Index/main/cap/0
INFO: [ app_init ] --START--
INFO: Run Behavior\BuildLiteBehavior [ RunTime:0.000007s ]
INFO: [ app_init ] --END-- [ RunTime:0.000037s ]
INFO: [ app_begin ] --START--
INFO: Run Behavior\ReadHtmlCacheBehavior [ RunTime:0.000408s ]
INFO: [ app_begin ] --END-- [ RunTime:0.000440s ]
SQL: SHOW COLUMNS FROM `wl_commts` [ RunTime:0.0081s ]
SQL: SELECT * FROM `wl_commts` ORDER BY id asc  [ RunTime:0.0009s ]
SQL: SHOW COLUMNS FROM `wl_capter` [ RunTime:0.0024s ]
SQL: SELECT `capter_num`,`capter_name` FROM `wl_capter` WHERE `id` IN (1,2,3,4,5,6,7,8,9,10,11) ORDER BY id asc  [ RunTime:0.0002s ]
SQL: SHOW COLUMNS FROM `wl_class` [ RunTime:0.0022s ]
SQL: SELECT `id`,`capter_id`,`class_flag`,`class_name`,`add_flag`,`task_count`,`week_num` FROM `wl_class` WHERE `capter_id` < 32 ORDER BY id asc  [ RunTime:0.0010s ]
SQL: SHOW COLUMNS FROM `wl_knowledge` [ RunTime:0.0023s ]
SQL: SELECT `id`,`capter_id`,`class_num`,`class_name`,`class_flag`,`add_flag`,`task_count`,`week_num` FROM `wl_knowledge` WHERE `capter_id` < 32 ORDER BY id asc  [ RunTime:0.0007s ]
SQL: SHOW COLUMNS FROM `wl_category1` [ RunTime:0.0162s ]
SQL: SELECT `id`,`capter_id`,`newclass_num`,`activityclass_num`,`reviewclass_num`,`examclass_num` FROM `wl_category1` WHERE `id` IN (1,2,3,4,5,6,7,8,9,10,11) ORDER BY id asc  [ RunTime:0.0002s ]
SQL: SHOW COLUMNS FROM `wl_addclass` [ RunTime:0.0021s ]
SQL: SELECT `capter_id`,`class_name` FROM `wl_addclass` WHERE `capter_id` < 32 ORDER BY id asc  [ RunTime:0.0005s ]
INFO: [ view_parse ] --START--
INFO: [ template_filter ] --START--
INFO: Run Behavior\ContentReplaceBehavior [ RunTime:0.000248s ]
INFO: [ template_filter ] --END-- [ RunTime:0.000283s ]
NOTIC: [8] Undefined index: capterId C:\xampp\htdocs\jxy\Application\Runtime\Cache\Home\4462707c48390994935bf3e366c221aa.php 第 74 行.
NOTIC: [8] Undefined index: classNum C:\xampp\htdocs\jxy\Application\Runtime\Cache\Home\4462707c48390994935bf3e366c221aa.php 第 74 行.
NOTIC: [8] Undefined index: addShow C:\xampp\htdocs\jxy\Application\Runtime\Cache\Home\4462707c48390994935bf3e366c221aa.php 第 74 行.
NOTIC: [8] Undefined index: addShow1 C:\xampp\htdocs\jxy\Application\Runtime\Cache\Home\4462707c48390994935bf3e366c221aa.php 第 74 行.
NOTIC: [8] Undefined index: classConWidth C:\xampp\htdocs\jxy\Application\Runtime\Cache\Home\4462707c48390994935bf3e366c221aa.php 第 74 行.
NOTIC: [8] Use of undefined constant 章 - assumed '章' C:\xampp\htdocs\jxy\Application\Runtime\Cache\Home\4462707c48390994935bf3e366c221aa.php 第 208 行.
NOTIC: [8] Undefined variable: j C:\xampp\htdocs\jxy\Application\Runtime\Cache\Home\4462707c48390994935bf3e366c221aa.php 第 216 行.
NOTIC: [8] Undefined index:  C:\xampp\htdocs\jxy\Application\Runtime\Cache\Home\4462707c48390994935bf3e366c221aa.php 第 216 行.
NOTIC: [8] Undefined variable: j C:\xampp\htdocs\jxy\Application\Runtime\Cache\Home\4462707c48390994935bf3e366c221aa.php 第 216 行.
NOTIC: [8] Undefined index:  C:\xampp\htdocs\jxy\Application\Runtime\Cache\Home\4462707c48390994935bf3e366c221aa.php 第 216 行.
NOTIC: [8] Undefined variable: j C:\xampp\htdocs\jxy\Application\Runtime\Cache\Home\4462707c48390994935bf3e366c221aa.php 第 216 行.
NOTIC: [8] Undefined index:  C:\xampp\htdocs\jxy\Application\Runtime\Cache\Home\4462707c48390994935bf3e366c221aa.php 第 216 行.
NOTIC: [8] Undefined offset: 360 C:\xampp\htdocs\jxy\Application\Runtime\Cache\Home\4462707c48390994935bf3e366c221aa.php 第 264 行.
NOTIC: [8] Undefined offset: 360 C:\xampp\htdocs\jxy\Application\Runtime\Cache\Home\4462707c48390994935bf3e366c221aa.php 第 264 行.
NOTIC: [8] Undefined offset: 360 C:\xampp\htdocs\jxy\Application\Runtime\Cache\Home\4462707c48390994935bf3e366c221aa.php 第 264 行.
NOTIC: [8] Use of undefined constant 章 - assumed '章' C:\xampp\htdocs\jxy\Application\Runtime\Cache\Home\4462707c48390994935bf3e366c221aa.php 第 208 行.
NOTIC: [8] Undefined offset: 360 C:\xampp\htdocs\jxy\Application\Runtime\Cache\Home\4462707c48390994935bf3e366c221aa.php 第 264 行.
NOTIC: [8] Undefined offset: 360 C:\xampp\htdocs\jxy\Application\Runtime\Cache\Home\4462707c48390994935bf3e366c221aa.php 第 264 行.
NOTIC: [8] Undefined offset: 360 C:\xampp\htdocs\jxy\Application\Runtime\Cache\Home\4462707c48390994935bf3e366c221aa.php 第 264 行.
NOTIC: [8] Undefined offset: 360 C:\xampp\htdocs\jxy\Application\Runtime\Cache\Home\4462707c48390994935bf3e366c221aa.php 第 264 行.
NOTIC: [8] Undefined offset: 360 C:\xampp\htdocs\jxy\Application\Runtime\Cache\Home\4462707c48390994935bf3e366c221aa.php 第 264 行.
NOTIC: [8] Undefined offset: 360 C:\xampp\htdocs\jxy\Application\Runtime\Cache\Home\4462707c48390994935bf3e366c221aa.php 第 264 行.
NOTIC: [8] Use of undefined constant 章 - assumed '章' C:\xampp\htdocs\jxy\Application\Runtime\Cache\Home\4462707c48390994935bf3e366c221aa.php 第 208 行.
NOTIC: [8] Undefined offset: 360 C:\xampp\htdocs\jxy\Application\Runtime\Cache\Home\4462707c48390994935bf3e366c221aa.php 第 264 行.
NOTIC: [8] Undefined offset: 360 C:\xampp\htdocs\jxy\Application\Runtime\Cache\Home\4462707c48390994935bf3e366c221aa.php 第 264 行.
NOTIC: [8] Undefined offset: 360 C:\xampp\htdocs\jxy\Application\Runtime\Cache\Home\4462707c48390994935bf3e366c221aa.php 第 264 行.
NOTIC: [8] Use of undefined constant 章 - assumed '章' C:\xampp\htdocs\jxy\Application\Runtime\Cache\Home\4462707c48390994935bf3e366c221aa.php 第 208 行.
NOTIC: [8] Undefined offset: 360 C:\xampp\htdocs\jxy\Application\Runtime\Cache\Home\4462707c48390994935bf3e366c221aa.php 第 264 行.
NOTIC: [8] Undefined offset: 360 C:\xampp\htdocs\jxy\Application\Runtime\Cache\Home\4462707c48390994935bf3e366c221aa.php 第 264 行.
NOTIC: [8] Undefined offset: 360 C:\xampp\htdocs\jxy\Application\Runtime\Cache\Home\4462707c48390994935bf3e366c221aa.php 第 264 行.
NOTIC: [8] Use of undefined constant 章 - assumed '章' C:\xampp\htdocs\jxy\Application\Runtime\Cache\Home\4462707c48390994935bf3e366c221aa.php 第 208 行.
NOTIC: [8] Undefined offset: 360 C:\xampp\htdocs\jxy\Application\Runtime\Cache\Home\4462707c48390994935bf3e366c221aa.php 第 264 行.
NOTIC: [8] Undefined offset: 360 C:\xampp\htdocs\jxy\Application\Runtime\Cache\Home\4462707c48390994935bf3e366c221aa.php 第 264 行.
NOTIC: [8] Undefined offset: 360 C:\xampp\htdocs\jxy\Application\Runtime\Cache\Home\4462707c48390994935bf3e366c221aa.php 第 264 行.
NOTIC: [8] Undefined offset: 360 C:\xampp\htdocs\jxy\Application\Runtime\Cache\Home\4462707c48390994935bf3e366c221aa.php 第 264 行.
NOTIC: [8] Undefined offset: 360 C:\xampp\htdocs\jxy\Application\Runtime\Cache\Home\4462707c48390994935bf3e366c221aa.php 第 264 行.
NOTIC: [8] Undefined offset: 360 C:\xampp\htdocs\jxy\Application\Runtime\Cache\Home\4462707c48390994935bf3e366c221aa.php 第 264 行.
NOTIC: [8] Use of undefined constant 章 - assumed '章' C:\xampp\htdocs\jxy\Application\Runtime\Cache\Home\4462707c48390994935bf3e366c221aa.php 第 208 行.
NOTIC: [8] Undefined offset: 360 C:\xampp\htdocs\jxy\Application\Runtime\Cache\Home\4462707c48390994935bf3e366c221aa.php 第 264 行.
NOTIC: [8] Undefined offset: 360 C:\xampp\htdocs\jxy\Application\Runtime\Cache\Home\4462707c48390994935bf3e366c221aa.php 第 264 行.
NOTIC: [8] Undefined offset: 360 C:\xampp\htdocs\jxy\Application\Runtime\Cache\Home\4462707c48390994935bf3e366c221aa.php 第 264 行.
NOTIC: [8] Use of undefined constant 章 - assumed '章' C:\xampp\htdocs\jxy\Application\Runtime\Cache\Home\4462707c48390994935bf3e366c221aa.php 第 208 行.
NOTIC: [8] Undefined offset: 360 C:\xampp\htdocs\jxy\Application\Runtime\Cache\Home\4462707c48390994935bf3e366c221aa.php 第 264 行.
NOTIC: [8] Undefined offset: 360 C:\xampp\htdocs\jxy\Application\Runtime\Cache\Home\4462707c48390994935bf3e366c221aa.php 第 264 行.
NOTIC: [8] Undefined offset: 360 C:\xampp\htdocs\jxy\Application\Runtime\Cache\Home\4462707c48390994935bf3e366c221aa.php 第 264 行.
NOTIC: [8] Use of undefined constant 章 - assumed '章' C:\xampp\htdocs\jxy\Application\Runtime\Cache\Home\4462707c48390994935bf3e366c221aa.php 第 208 行.
NOTIC: [8] Undefined offset: 360 C:\xampp\htdocs\jxy\Application\Runtime\Cache\Home\4462707c48390994935bf3e366c221aa.php 第 264 行.
NOTIC: [8] Undefined offset: 360 C:\xampp\htdocs\jxy\Application\Runtime\Cache\Home\4462707c48390994935bf3e366c221aa.php 第 264 行.
NOTIC: [8] Undefined offset: 360 C:\xampp\htdocs\jxy\Application\Runtime\Cache\Home\4462707c48390994935bf3e366c221aa.php 第 264 行.
NOTIC: [8] Undefined offset: 360 C:\xampp\htdocs\jxy\Application\Runtime\Cache\Home\4462707c48390994935bf3e366c221aa.php 第 264 行.
NOTIC: [8] Undefined offset: 360 C:\xampp\htdocs\jxy\Application\Runtime\Cache\Home\4462707c48390994935bf3e366c221aa.php 第 264 行.
NOTIC: [8] Undefined offset: 360 C:\xampp\htdocs\jxy\Application\Runtime\Cache\Home\4462707c48390994935bf3e366c221aa.php 第 264 行.
INFO: Run Behavior\ParseTemplateBehavior [ RunTime:0.040665s ]
INFO: [ view_parse ] --END-- [ RunTime:0.040706s ]
INFO: [ view_filter ] --START--
INFO: Run Behavior\WriteHtmlCacheBehavior [ RunTime:0.000388s ]
INFO: [ view_filter ] --END-- [ RunTime:0.000414s ]
INFO: [ app_end ] --START--
INFO: Run Behavior\ShowPageTraceBehavior [ RunTime:0.000531s ]
INFO: [ app_end ] --END-- [ RunTime:0.000568s ]

[ 2016-11-24T16:50:10+08:00 ] ::1 /jxy/index.php/Home/Index/main/cap/0
INFO: [ app_init ] --START--
INFO: Run Behavior\BuildLiteBehavior [ RunTime:0.000009s ]
INFO: [ app_init ] --END-- [ RunTime:0.000045s ]
INFO: [ app_begin ] --START--
INFO: Run Behavior\ReadHtmlCacheBehavior [ RunTime:0.000470s ]
INFO: [ app_begin ] --END-- [ RunTime:0.000502s ]
SQL: SHOW COLUMNS FROM `wl_commts` [ RunTime:0.0018s ]
SQL: SELECT * FROM `wl_commts` ORDER BY id asc  [ RunTime:0.0008s ]
SQL: SHOW COLUMNS FROM `wl_capter` [ RunTime:0.0015s ]
SQL: SELECT `capter_num`,`capter_name` FROM `wl_capter` WHERE `id` IN (1,2,3,4,5,6,7,8,9,10,11) ORDER BY id asc  [ RunTime:0.0002s ]
SQL: SHOW COLUMNS FROM `wl_class` [ RunTime:0.0015s ]
SQL: SELECT `id`,`capter_id`,`class_flag`,`class_name`,`add_flag`,`task_count`,`week_num` FROM `wl_class` WHERE `capter_id` < 32 ORDER BY id asc  [ RunTime:0.0010s ]
SQL: SHOW COLUMNS FROM `wl_knowledge` [ RunTime:0.0019s ]
SQL: SELECT `id`,`capter_id`,`class_num`,`class_name`,`class_flag`,`add_flag`,`task_count`,`week_num` FROM `wl_knowledge` WHERE `capter_id` < 32 ORDER BY id asc  [ RunTime:0.0008s ]
SQL: SHOW COLUMNS FROM `wl_category1` [ RunTime:0.0022s ]
SQL: SELECT `id`,`capter_id`,`newclass_num`,`activityclass_num`,`reviewclass_num`,`examclass_num` FROM `wl_category1` WHERE `id` IN (1,2,3,4,5,6,7,8,9,10,11) ORDER BY id asc  [ RunTime:0.0003s ]
SQL: SHOW COLUMNS FROM `wl_addclass` [ RunTime:0.0026s ]
SQL: SELECT `capter_id`,`class_name` FROM `wl_addclass` WHERE `capter_id` < 32 ORDER BY id asc  [ RunTime:0.0005s ]
INFO: [ view_parse ] --START--
INFO: [ template_filter ] --START--
INFO: Run Behavior\ContentReplaceBehavior [ RunTime:0.000284s ]
INFO: [ template_filter ] --END-- [ RunTime:0.000330s ]
NOTIC: [8] Undefined index: capterId C:\xampp\htdocs\jxy\Application\Runtime\Cache\Home\4462707c48390994935bf3e366c221aa.php 第 74 行.
NOTIC: [8] Undefined index: classNum C:\xampp\htdocs\jxy\Application\Runtime\Cache\Home\4462707c48390994935bf3e366c221aa.php 第 74 行.
NOTIC: [8] Undefined index: addShow C:\xampp\htdocs\jxy\Application\Runtime\Cache\Home\4462707c48390994935bf3e366c221aa.php 第 74 行.
NOTIC: [8] Undefined index: addShow1 C:\xampp\htdocs\jxy\Application\Runtime\Cache\Home\4462707c48390994935bf3e366c221aa.php 第 74 行.
NOTIC: [8] Undefined index: classConWidth C:\xampp\htdocs\jxy\Application\Runtime\Cache\Home\4462707c48390994935bf3e366c221aa.php 第 74 行.
NOTIC: [8] Use of undefined constant 章 - assumed '章' C:\xampp\htdocs\jxy\Application\Runtime\Cache\Home\4462707c48390994935bf3e366c221aa.php 第 208 行.
NOTIC: [8] Undefined variable: j C:\xampp\htdocs\jxy\Application\Runtime\Cache\Home\4462707c48390994935bf3e366c221aa.php 第 216 行.
NOTIC: [8] Undefined index:  C:\xampp\htdocs\jxy\Application\Runtime\Cache\Home\4462707c48390994935bf3e366c221aa.php 第 216 行.
NOTIC: [8] Undefined variable: j C:\xampp\htdocs\jxy\Application\Runtime\Cache\Home\4462707c48390994935bf3e366c221aa.php 第 216 行.
NOTIC: [8] Undefined index:  C:\xampp\htdocs\jxy\Application\Runtime\Cache\Home\4462707c48390994935bf3e366c221aa.php 第 216 行.
NOTIC: [8] Undefined variable: j C:\xampp\htdocs\jxy\Application\Runtime\Cache\Home\4462707c48390994935bf3e366c221aa.php 第 216 行.
NOTIC: [8] Undefined index:  C:\xampp\htdocs\jxy\Application\Runtime\Cache\Home\4462707c48390994935bf3e366c221aa.php 第 216 行.
NOTIC: [8] Undefined offset: 360 C:\xampp\htdocs\jxy\Application\Runtime\Cache\Home\4462707c48390994935bf3e366c221aa.php 第 264 行.
NOTIC: [8] Undefined offset: 360 C:\xampp\htdocs\jxy\Application\Runtime\Cache\Home\4462707c48390994935bf3e366c221aa.php 第 264 行.
NOTIC: [8] Undefined offset: 360 C:\xampp\htdocs\jxy\Application\Runtime\Cache\Home\4462707c48390994935bf3e366c221aa.php 第 264 行.
NOTIC: [8] Use of undefined constant 章 - assumed '章' C:\xampp\htdocs\jxy\Application\Runtime\Cache\Home\4462707c48390994935bf3e366c221aa.php 第 208 行.
NOTIC: [8] Undefined offset: 360 C:\xampp\htdocs\jxy\Application\Runtime\Cache\Home\4462707c48390994935bf3e366c221aa.php 第 264 行.
NOTIC: [8] Undefined offset: 360 C:\xampp\htdocs\jxy\Application\Runtime\Cache\Home\4462707c48390994935bf3e366c221aa.php 第 264 行.
NOTIC: [8] Undefined offset: 360 C:\xampp\htdocs\jxy\Application\Runtime\Cache\Home\4462707c48390994935bf3e366c221aa.php 第 264 行.
NOTIC: [8] Undefined offset: 360 C:\xampp\htdocs\jxy\Application\Runtime\Cache\Home\4462707c48390994935bf3e366c221aa.php 第 264 行.
NOTIC: [8] Undefined offset: 360 C:\xampp\htdocs\jxy\Application\Runtime\Cache\Home\4462707c48390994935bf3e366c221aa.php 第 264 行.
NOTIC: [8] Undefined offset: 360 C:\xampp\htdocs\jxy\Application\Runtime\Cache\Home\4462707c48390994935bf3e366c221aa.php 第 264 行.
NOTIC: [8] Use of undefined constant 章 - assumed '章' C:\xampp\htdocs\jxy\Application\Runtime\Cache\Home\4462707c48390994935bf3e366c221aa.php 第 208 行.
NOTIC: [8] Undefined offset: 360 C:\xampp\htdocs\jxy\Application\Runtime\Cache\Home\4462707c48390994935bf3e366c221aa.php 第 264 行.
NOTIC: [8] Undefined offset: 360 C:\xampp\htdocs\jxy\Application\Runtime\Cache\Home\4462707c48390994935bf3e366c221aa.php 第 264 行.
NOTIC: [8] Undefined offset: 360 C:\xampp\htdocs\jxy\Application\Runtime\Cache\Home\4462707c48390994935bf3e366c221aa.php 第 264 行.
NOTIC: [8] Use of undefined constant 章 - assumed '章' C:\xampp\htdocs\jxy\Application\Runtime\Cache\Home\4462707c48390994935bf3e366c221aa.php 第 208 行.
NOTIC: [8] Undefined offset: 360 C:\xampp\htdocs\jxy\Application\Runtime\Cache\Home\4462707c48390994935bf3e366c221aa.php 第 264 行.
NOTIC: [8] Undefined offset: 360 C:\xampp\htdocs\jxy\Application\Runtime\Cache\Home\4462707c48390994935bf3e366c221aa.php 第 264 行.
NOTIC: [8] Undefined offset: 360 C:\xampp\htdocs\jxy\Application\Runtime\Cache\Home\4462707c48390994935bf3e366c221aa.php 第 264 行.
NOTIC: [8] Use of undefined constant 章 - assumed '章' C:\xampp\htdocs\jxy\Application\Runtime\Cache\Home\4462707c48390994935bf3e366c221aa.php 第 208 行.
NOTIC: [8] Undefined offset: 360 C:\xampp\htdocs\jxy\Application\Runtime\Cache\Home\4462707c48390994935bf3e366c221aa.php 第 264 行.
NOTIC: [8] Undefined offset: 360 C:\xampp\htdocs\jxy\Application\Runtime\Cache\Home\4462707c48390994935bf3e366c221aa.php 第 264 行.
NOTIC: [8] Undefined offset: 360 C:\xampp\htdocs\jxy\Application\Runtime\Cache\Home\4462707c48390994935bf3e366c221aa.php 第 264 行.
NOTIC: [8] Undefined offset: 360 C:\xampp\htdocs\jxy\Application\Runtime\Cache\Home\4462707c48390994935bf3e366c221aa.php 第 264 行.
NOTIC: [8] Undefined offset: 360 C:\xampp\htdocs\jxy\Application\Runtime\Cache\Home\4462707c48390994935bf3e366c221aa.php 第 264 行.
NOTIC: [8] Undefined offset: 360 C:\xampp\htdocs\jxy\Application\Runtime\Cache\Home\4462707c48390994935bf3e366c221aa.php 第 264 行.
NOTIC: [8] Use of undefined constant 章 - assumed '章' C:\xampp\htdocs\jxy\Application\Runtime\Cache\Home\4462707c48390994935bf3e366c221aa.php 第 208 行.
NOTIC: [8] Undefined offset: 360 C:\xampp\htdocs\jxy\Application\Runtime\Cache\Home\4462707c48390994935bf3e366c221aa.php 第 264 行.
NOTIC: [8] Undefined offset: 360 C:\xampp\htdocs\jxy\Application\Runtime\Cache\Home\4462707c48390994935bf3e366c221aa.php 第 264 行.
NOTIC: [8] Undefined offset: 360 C:\xampp\htdocs\jxy\Application\Runtime\Cache\Home\4462707c48390994935bf3e366c221aa.php 第 264 行.
NOTIC: [8] Use of undefined constant 章 - assumed '章' C:\xampp\htdocs\jxy\Application\Runtime\Cache\Home\4462707c48390994935bf3e366c221aa.php 第 208 行.
NOTIC: [8] Undefined offset: 360 C:\xampp\htdocs\jxy\Application\Runtime\Cache\Home\4462707c48390994935bf3e366c221aa.php 第 264 行.
NOTIC: [8] Undefined offset: 360 C:\xampp\htdocs\jxy\Application\Runtime\Cache\Home\4462707c48390994935bf3e366c221aa.php 第 264 行.
NOTIC: [8] Undefined offset: 360 C:\xampp\htdocs\jxy\Application\Runtime\Cache\Home\4462707c48390994935bf3e366c221aa.php 第 264 行.
NOTIC: [8] Use of undefined constant 章 - assumed '章' C:\xampp\htdocs\jxy\Application\Runtime\Cache\Home\4462707c48390994935bf3e366c221aa.php 第 208 行.
NOTIC: [8] Undefined offset: 360 C:\xampp\htdocs\jxy\Application\Runtime\Cache\Home\4462707c48390994935bf3e366c221aa.php 第 264 行.
NOTIC: [8] Undefined offset: 360 C:\xampp\htdocs\jxy\Application\Runtime\Cache\Home\4462707c48390994935bf3e366c221aa.php 第 264 行.
NOTIC: [8] Undefined offset: 360 C:\xampp\htdocs\jxy\Application\Runtime\Cache\Home\4462707c48390994935bf3e366c221aa.php 第 264 行.
NOTIC: [8] Undefined offset: 360 C:\xampp\htdocs\jxy\Application\Runtime\Cache\Home\4462707c48390994935bf3e366c221aa.php 第 264 行.
NOTIC: [8] Undefined offset: 360 C:\xampp\htdocs\jxy\Application\Runtime\Cache\Home\4462707c48390994935bf3e366c221aa.php 第 264 行.
NOTIC: [8] Undefined offset: 360 C:\xampp\htdocs\jxy\Application\Runtime\Cache\Home\4462707c48390994935bf3e366c221aa.php 第 264 行.
INFO: Run Behavior\ParseTemplateBehavior [ RunTime:0.023257s ]
INFO: [ view_parse ] --END-- [ RunTime:0.023307s ]
INFO: [ view_filter ] --START--
INFO: Run Behavior\WriteHtmlCacheBehavior [ RunTime:0.000470s ]
INFO: [ view_filter ] --END-- [ RunTime:0.000497s ]
INFO: [ app_end ] --START--
INFO: Run Behavior\ShowPageTraceBehavior [ RunTime:0.000544s ]
INFO: [ app_end ] --END-- [ RunTime:0.000589s ]

[ 2016-11-24T16:55:30+08:00 ] ::1 /jxy/index.php/Home/Index/main/cap/0
INFO: [ app_init ] --START--
INFO: Run Behavior\BuildLiteBehavior [ RunTime:0.000007s ]
INFO: [ app_init ] --END-- [ RunTime:0.000039s ]
INFO: [ app_begin ] --START--
INFO: Run Behavior\ReadHtmlCacheBehavior [ RunTime:0.000430s ]
INFO: [ app_begin ] --END-- [ RunTime:0.000462s ]
SQL: SHOW COLUMNS FROM `wl_commts` [ RunTime:0.0020s ]
SQL: SELECT * FROM `wl_commts` ORDER BY id asc  [ RunTime:0.0008s ]
SQL: SHOW COLUMNS FROM `wl_capter` [ RunTime:0.0014s ]
SQL: SELECT `capter_num`,`capter_name` FROM `wl_capter` WHERE `id` IN (1,2,3,4,5,6,7,8,9,10,11) ORDER BY id asc  [ RunTime:0.0002s ]
SQL: SHOW COLUMNS FROM `wl_class` [ RunTime:0.0015s ]
SQL: SELECT `id`,`capter_id`,`class_flag`,`class_name`,`add_flag`,`task_count`,`week_num` FROM `wl_class` WHERE `capter_id` < 32 ORDER BY id asc  [ RunTime:0.0012s ]
SQL: SHOW COLUMNS FROM `wl_knowledge` [ RunTime:0.0014s ]
SQL: SELECT `id`,`capter_id`,`class_num`,`class_name`,`class_flag`,`add_flag`,`task_count`,`week_num` FROM `wl_knowledge` WHERE `capter_id` < 32 ORDER BY id asc  [ RunTime:0.0006s ]
SQL: SHOW COLUMNS FROM `wl_category1` [ RunTime:0.0015s ]
SQL: SELECT `id`,`capter_id`,`newclass_num`,`activityclass_num`,`reviewclass_num`,`examclass_num` FROM `wl_category1` WHERE `id` IN (1,2,3,4,5,6,7,8,9,10,11) ORDER BY id asc  [ RunTime:0.0002s ]
SQL: SHOW COLUMNS FROM `wl_addclass` [ RunTime:0.0014s ]
SQL: SELECT `capter_id`,`class_name` FROM `wl_addclass` WHERE `capter_id` < 32 ORDER BY id asc  [ RunTime:0.0004s ]
INFO: [ view_parse ] --START--
INFO: [ template_filter ] --START--
INFO: Run Behavior\ContentReplaceBehavior [ RunTime:0.000239s ]
INFO: [ template_filter ] --END-- [ RunTime:0.000276s ]
NOTIC: [8] Undefined index: capterId C:\xampp\htdocs\jxy\Application\Runtime\Cache\Home\4462707c48390994935bf3e366c221aa.php 第 74 行.
NOTIC: [8] Undefined index: classNum C:\xampp\htdocs\jxy\Application\Runtime\Cache\Home\4462707c48390994935bf3e366c221aa.php 第 74 行.
NOTIC: [8] Undefined index: addShow C:\xampp\htdocs\jxy\Application\Runtime\Cache\Home\4462707c48390994935bf3e366c221aa.php 第 74 行.
NOTIC: [8] Undefined index: addShow1 C:\xampp\htdocs\jxy\Application\Runtime\Cache\Home\4462707c48390994935bf3e366c221aa.php 第 74 行.
NOTIC: [8] Undefined index: classConWidth C:\xampp\htdocs\jxy\Application\Runtime\Cache\Home\4462707c48390994935bf3e366c221aa.php 第 74 行.
NOTIC: [8] Use of undefined constant 章 - assumed '章' C:\xampp\htdocs\jxy\Application\Runtime\Cache\Home\4462707c48390994935bf3e366c221aa.php 第 208 行.
NOTIC: [8] Undefined variable: j C:\xampp\htdocs\jxy\Application\Runtime\Cache\Home\4462707c48390994935bf3e366c221aa.php 第 216 行.
NOTIC: [8] Undefined index:  C:\xampp\htdocs\jxy\Application\Runtime\Cache\Home\4462707c48390994935bf3e366c221aa.php 第 216 行.
NOTIC: [8] Undefined variable: j C:\xampp\htdocs\jxy\Application\Runtime\Cache\Home\4462707c48390994935bf3e366c221aa.php 第 216 行.
NOTIC: [8] Undefined index:  C:\xampp\htdocs\jxy\Application\Runtime\Cache\Home\4462707c48390994935bf3e366c221aa.php 第 216 行.
NOTIC: [8] Undefined variable: j C:\xampp\htdocs\jxy\Application\Runtime\Cache\Home\4462707c48390994935bf3e366c221aa.php 第 216 行.
NOTIC: [8] Undefined index:  C:\xampp\htdocs\jxy\Application\Runtime\Cache\Home\4462707c48390994935bf3e366c221aa.php 第 216 行.
NOTIC: [8] Undefined offset: 360 C:\xampp\htdocs\jxy\Application\Runtime\Cache\Home\4462707c48390994935bf3e366c221aa.php 第 264 行.
NOTIC: [8] Undefined offset: 360 C:\xampp\htdocs\jxy\Application\Runtime\Cache\Home\4462707c48390994935bf3e366c221aa.php 第 264 行.
NOTIC: [8] Undefined offset: 360 C:\xampp\htdocs\jxy\Application\Runtime\Cache\Home\4462707c48390994935bf3e366c221aa.php 第 264 行.
NOTIC: [8] Use of undefined constant 章 - assumed '章' C:\xampp\htdocs\jxy\Application\Runtime\Cache\Home\4462707c48390994935bf3e366c221aa.php 第 208 行.
NOTIC: [8] Undefined offset: 360 C:\xampp\htdocs\jxy\Application\Runtime\Cache\Home\4462707c48390994935bf3e366c221aa.php 第 264 行.
NOTIC: [8] Undefined offset: 360 C:\xampp\htdocs\jxy\Application\Runtime\Cache\Home\4462707c48390994935bf3e366c221aa.php 第 264 行.
NOTIC: [8] Undefined offset: 360 C:\xampp\htdocs\jxy\Application\Runtime\Cache\Home\4462707c48390994935bf3e366c221aa.php 第 264 行.
NOTIC: [8] Undefined offset: 360 C:\xampp\htdocs\jxy\Application\Runtime\Cache\Home\4462707c48390994935bf3e366c221aa.php 第 264 行.
NOTIC: [8] Undefined offset: 360 C:\xampp\htdocs\jxy\Application\Runtime\Cache\Home\4462707c48390994935bf3e366c221aa.php 第 264 行.
NOTIC: [8] Undefined offset: 360 C:\xampp\htdocs\jxy\Application\Runtime\Cache\Home\4462707c48390994935bf3e366c221aa.php 第 264 行.
NOTIC: [8] Use of undefined constant 章 - assumed '章' C:\xampp\htdocs\jxy\Application\Runtime\Cache\Home\4462707c48390994935bf3e366c221aa.php 第 208 行.
NOTIC: [8] Undefined offset: 360 C:\xampp\htdocs\jxy\Application\Runtime\Cache\Home\4462707c48390994935bf3e366c221aa.php 第 264 行.
NOTIC: [8] Undefined offset: 360 C:\xampp\htdocs\jxy\Application\Runtime\Cache\Home\4462707c48390994935bf3e366c221aa.php 第 264 行.
NOTIC: [8] Undefined offset: 360 C:\xampp\htdocs\jxy\Application\Runtime\Cache\Home\4462707c48390994935bf3e366c221aa.php 第 264 行.
NOTIC: [8] Use of undefined constant 章 - assumed '章' C:\xampp\htdocs\jxy\Application\Runtime\Cache\Home\4462707c48390994935bf3e366c221aa.php 第 208 行.
NOTIC: [8] Undefined offset: 360 C:\xampp\htdocs\jxy\Application\Runtime\Cache\Home\4462707c48390994935bf3e366c221aa.php 第 264 行.
NOTIC: [8] Undefined offset: 360 C:\xampp\htdocs\jxy\Application\Runtime\Cache\Home\4462707c48390994935bf3e366c221aa.php 第 264 行.
NOTIC: [8] Undefined offset: 360 C:\xampp\htdocs\jxy\Application\Runtime\Cache\Home\4462707c48390994935bf3e366c221aa.php 第 264 行.
NOTIC: [8] Use of undefined constant 章 - assumed '章' C:\xampp\htdocs\jxy\Application\Runtime\Cache\Home\4462707c48390994935bf3e366c221aa.php 第 208 行.
NOTIC: [8] Undefined offset: 360 C:\xampp\htdocs\jxy\Application\Runtime\Cache\Home\4462707c48390994935bf3e366c221aa.php 第 264 行.
NOTIC: [8] Undefined offset: 360 C:\xampp\htdocs\jxy\Application\Runtime\Cache\Home\4462707c48390994935bf3e366c221aa.php 第 264 行.
NOTIC: [8] Undefined offset: 360 C:\xampp\htdocs\jxy\Application\Runtime\Cache\Home\4462707c48390994935bf3e366c221aa.php 第 264 行.
NOTIC: [8] Undefined offset: 360 C:\xampp\htdocs\jxy\Application\Runtime\Cache\Home\4462707c48390994935bf3e366c221aa.php 第 264 行.
NOTIC: [8] Undefined offset: 360 C:\xampp\htdocs\jxy\Application\Runtime\Cache\Home\4462707c48390994935bf3e366c221aa.php 第 264 行.
NOTIC: [8] Undefined offset: 360 C:\xampp\htdocs\jxy\Application\Runtime\Cache\Home\4462707c48390994935bf3e366c221aa.php 第 264 行.
NOTIC: [8] Use of undefined constant 章 - assumed '章' C:\xampp\htdocs\jxy\Application\Runtime\Cache\Home\4462707c48390994935bf3e366c221aa.php 第 208 行.
NOTIC: [8] Undefined offset: 360 C:\xampp\htdocs\jxy\Application\Runtime\Cache\Home\4462707c48390994935bf3e366c221aa.php 第 264 行.
NOTIC: [8] Undefined offset: 360 C:\xampp\htdocs\jxy\Application\Runtime\Cache\Home\4462707c48390994935bf3e366c221aa.php 第 264 行.
NOTIC: [8] Undefined offset: 360 C:\xampp\htdocs\jxy\Application\Runtime\Cache\Home\4462707c48390994935bf3e366c221aa.php 第 264 行.
NOTIC: [8] Use of undefined constant 章 - assumed '章' C:\xampp\htdocs\jxy\Application\Runtime\Cache\Home\4462707c48390994935bf3e366c221aa.php 第 208 行.
NOTIC: [8] Undefined offset: 360 C:\xampp\htdocs\jxy\Application\Runtime\Cache\Home\4462707c48390994935bf3e366c221aa.php 第 264 行.
NOTIC: [8] Undefined offset: 360 C:\xampp\htdocs\jxy\Application\Runtime\Cache\Home\4462707c48390994935bf3e366c221aa.php 第 264 行.
NOTIC: [8] Undefined offset: 360 C:\xampp\htdocs\jxy\Application\Runtime\Cache\Home\4462707c48390994935bf3e366c221aa.php 第 264 行.
NOTIC: [8] Use of undefined constant 章 - assumed '章' C:\xampp\htdocs\jxy\Application\Runtime\Cache\Home\4462707c48390994935bf3e366c221aa.php 第 208 行.
NOTIC: [8] Undefined offset: 360 C:\xampp\htdocs\jxy\Application\Runtime\Cache\Home\4462707c48390994935bf3e366c221aa.php 第 264 行.
NOTIC: [8] Undefined offset: 360 C:\xampp\htdocs\jxy\Application\Runtime\Cache\Home\4462707c48390994935bf3e366c221aa.php 第 264 行.
NOTIC: [8] Undefined offset: 360 C:\xampp\htdocs\jxy\Application\Runtime\Cache\Home\4462707c48390994935bf3e366c221aa.php 第 264 行.
NOTIC: [8] Undefined offset: 360 C:\xampp\htdocs\jxy\Application\Runtime\Cache\Home\4462707c48390994935bf3e366c221aa.php 第 264 行.
NOTIC: [8] Undefined offset: 360 C:\xampp\htdocs\jxy\Application\Runtime\Cache\Home\4462707c48390994935bf3e366c221aa.php 第 264 行.
NOTIC: [8] Undefined offset: 360 C:\xampp\htdocs\jxy\Application\Runtime\Cache\Home\4462707c48390994935bf3e366c221aa.php 第 264 行.
INFO: Run Behavior\ParseTemplateBehavior [ RunTime:0.024166s ]
INFO: [ view_parse ] --END-- [ RunTime:0.024206s ]
INFO: [ view_filter ] --START--
INFO: Run Behavior\WriteHtmlCacheBehavior [ RunTime:0.000342s ]
INFO: [ view_filter ] --END-- [ RunTime:0.000375s ]
INFO: [ app_end ] --START--
INFO: Run Behavior\ShowPageTraceBehavior [ RunTime:0.000426s ]
INFO: [ app_end ] --END-- [ RunTime:0.000459s ]

